2025-08-23 11:31:10,926 ERROR: Exception on / [GET] [in /var/www/html/docker2 15/web-docker-manager-env/lib/python3.10/site-packages/flask/app.py:1414]
Traceback (most recent call last):
  File "/var/www/html/docker2 15/web-docker-manager-env/lib/python3.10/site-packages/flask/app.py", line 2190, in wsgi_app
    response = self.full_dispatch_request()
  File "/var/www/html/docker2 15/web-docker-manager-env/lib/python3.10/site-packages/flask/app.py", line 1486, in full_dispatch_request
    rv = self.handle_user_exception(e)
  File "/var/www/html/docker2 15/web-docker-manager-env/lib/python3.10/site-packages/flask/app.py", line 1482, in full_dispatch_request
    rv = self.preprocess_request()
  File "/var/www/html/docker2 15/web-docker-manager-env/lib/python3.10/site-packages/flask/app.py", line 1974, in preprocess_request
    rv = self.ensure_sync(before_func)()
  File "/var/www/html/docker2 15/secure-web-docker-manager.py", line 312, in before_request
    def after_request(response):
  File "/var/www/html/docker2 15/web-docker-manager-env/lib/python3.10/site-packages/flask/scaffold.py", line 49, in wrapper_func
    self._check_setup_finished(f_name)
  File "/var/www/html/docker2 15/web-docker-manager-env/lib/python3.10/site-packages/flask/app.py", line 511, in _check_setup_finished
    raise AssertionError(
AssertionError: The setup method 'after_request' can no longer be called on the application. It has already handled its first request, any changes will not be applied consistently.
Make sure all imports, decorators, functions, etc. needed to set up the application are done before running it.
2025-08-23 11:31:10,967 ERROR: Exception on /.well-known/appspecific/com.chrome.devtools.json [GET] [in /var/www/html/docker2 15/web-docker-manager-env/lib/python3.10/site-packages/flask/app.py:1414]
Traceback (most recent call last):
  File "/var/www/html/docker2 15/web-docker-manager-env/lib/python3.10/site-packages/flask/app.py", line 2190, in wsgi_app
    response = self.full_dispatch_request()
  File "/var/www/html/docker2 15/web-docker-manager-env/lib/python3.10/site-packages/flask/app.py", line 1486, in full_dispatch_request
    rv = self.handle_user_exception(e)
  File "/var/www/html/docker2 15/web-docker-manager-env/lib/python3.10/site-packages/flask/app.py", line 1482, in full_dispatch_request
    rv = self.preprocess_request()
  File "/var/www/html/docker2 15/web-docker-manager-env/lib/python3.10/site-packages/flask/app.py", line 1974, in preprocess_request
    rv = self.ensure_sync(before_func)()
  File "/var/www/html/docker2 15/secure-web-docker-manager.py", line 312, in before_request
    def after_request(response):
  File "/var/www/html/docker2 15/web-docker-manager-env/lib/python3.10/site-packages/flask/scaffold.py", line 49, in wrapper_func
    self._check_setup_finished(f_name)
  File "/var/www/html/docker2 15/web-docker-manager-env/lib/python3.10/site-packages/flask/app.py", line 511, in _check_setup_finished
    raise AssertionError(
AssertionError: The setup method 'after_request' can no longer be called on the application. It has already handled its first request, any changes will not be applied consistently.
Make sure all imports, decorators, functions, etc. needed to set up the application are done before running it.
2025-08-23 11:31:12,935 ERROR: Exception on / [GET] [in /var/www/html/docker2 15/web-docker-manager-env/lib/python3.10/site-packages/flask/app.py:1414]
Traceback (most recent call last):
  File "/var/www/html/docker2 15/web-docker-manager-env/lib/python3.10/site-packages/flask/app.py", line 2190, in wsgi_app
    response = self.full_dispatch_request()
  File "/var/www/html/docker2 15/web-docker-manager-env/lib/python3.10/site-packages/flask/app.py", line 1486, in full_dispatch_request
    rv = self.handle_user_exception(e)
  File "/var/www/html/docker2 15/web-docker-manager-env/lib/python3.10/site-packages/flask/app.py", line 1482, in full_dispatch_request
    rv = self.preprocess_request()
  File "/var/www/html/docker2 15/web-docker-manager-env/lib/python3.10/site-packages/flask/app.py", line 1974, in preprocess_request
    rv = self.ensure_sync(before_func)()
  File "/var/www/html/docker2 15/secure-web-docker-manager.py", line 312, in before_request
    def after_request(response):
  File "/var/www/html/docker2 15/web-docker-manager-env/lib/python3.10/site-packages/flask/scaffold.py", line 49, in wrapper_func
    self._check_setup_finished(f_name)
  File "/var/www/html/docker2 15/web-docker-manager-env/lib/python3.10/site-packages/flask/app.py", line 511, in _check_setup_finished
    raise AssertionError(
AssertionError: The setup method 'after_request' can no longer be called on the application. It has already handled its first request, any changes will not be applied consistently.
Make sure all imports, decorators, functions, etc. needed to set up the application are done before running it.
2025-08-23 11:31:12,960 ERROR: Exception on /.well-known/appspecific/com.chrome.devtools.json [GET] [in /var/www/html/docker2 15/web-docker-manager-env/lib/python3.10/site-packages/flask/app.py:1414]
Traceback (most recent call last):
  File "/var/www/html/docker2 15/web-docker-manager-env/lib/python3.10/site-packages/flask/app.py", line 2190, in wsgi_app
    response = self.full_dispatch_request()
  File "/var/www/html/docker2 15/web-docker-manager-env/lib/python3.10/site-packages/flask/app.py", line 1486, in full_dispatch_request
    rv = self.handle_user_exception(e)
  File "/var/www/html/docker2 15/web-docker-manager-env/lib/python3.10/site-packages/flask/app.py", line 1482, in full_dispatch_request
    rv = self.preprocess_request()
  File "/var/www/html/docker2 15/web-docker-manager-env/lib/python3.10/site-packages/flask/app.py", line 1974, in preprocess_request
    rv = self.ensure_sync(before_func)()
  File "/var/www/html/docker2 15/secure-web-docker-manager.py", line 312, in before_request
    def after_request(response):
  File "/var/www/html/docker2 15/web-docker-manager-env/lib/python3.10/site-packages/flask/scaffold.py", line 49, in wrapper_func
    self._check_setup_finished(f_name)
  File "/var/www/html/docker2 15/web-docker-manager-env/lib/python3.10/site-packages/flask/app.py", line 511, in _check_setup_finished
    raise AssertionError(
AssertionError: The setup method 'after_request' can no longer be called on the application. It has already handled its first request, any changes will not be applied consistently.
Make sure all imports, decorators, functions, etc. needed to set up the application are done before running it.
2025-08-23 11:32:36,801 ERROR: Exception on / [GET] [in /var/www/html/docker2 15/web-docker-manager-env/lib/python3.10/site-packages/flask/app.py:1414]
Traceback (most recent call last):
  File "/var/www/html/docker2 15/web-docker-manager-env/lib/python3.10/site-packages/flask/app.py", line 2190, in wsgi_app
    response = self.full_dispatch_request()
  File "/var/www/html/docker2 15/web-docker-manager-env/lib/python3.10/site-packages/flask/app.py", line 1486, in full_dispatch_request
    rv = self.handle_user_exception(e)
  File "/var/www/html/docker2 15/web-docker-manager-env/lib/python3.10/site-packages/flask/app.py", line 1482, in full_dispatch_request
    rv = self.preprocess_request()
  File "/var/www/html/docker2 15/web-docker-manager-env/lib/python3.10/site-packages/flask/app.py", line 1974, in preprocess_request
    rv = self.ensure_sync(before_func)()
  File "/var/www/html/docker2 15/secure-web-docker-manager.py", line 312, in before_request
    def after_request(response):
  File "/var/www/html/docker2 15/web-docker-manager-env/lib/python3.10/site-packages/flask/scaffold.py", line 49, in wrapper_func
    self._check_setup_finished(f_name)
  File "/var/www/html/docker2 15/web-docker-manager-env/lib/python3.10/site-packages/flask/app.py", line 511, in _check_setup_finished
    raise AssertionError(
AssertionError: The setup method 'after_request' can no longer be called on the application. It has already handled its first request, any changes will not be applied consistently.
Make sure all imports, decorators, functions, etc. needed to set up the application are done before running it.
2025-08-23 11:32:36,847 ERROR: Exception on /.well-known/appspecific/com.chrome.devtools.json [GET] [in /var/www/html/docker2 15/web-docker-manager-env/lib/python3.10/site-packages/flask/app.py:1414]
Traceback (most recent call last):
  File "/var/www/html/docker2 15/web-docker-manager-env/lib/python3.10/site-packages/flask/app.py", line 2190, in wsgi_app
    response = self.full_dispatch_request()
  File "/var/www/html/docker2 15/web-docker-manager-env/lib/python3.10/site-packages/flask/app.py", line 1486, in full_dispatch_request
    rv = self.handle_user_exception(e)
  File "/var/www/html/docker2 15/web-docker-manager-env/lib/python3.10/site-packages/flask/app.py", line 1482, in full_dispatch_request
    rv = self.preprocess_request()
  File "/var/www/html/docker2 15/web-docker-manager-env/lib/python3.10/site-packages/flask/app.py", line 1974, in preprocess_request
    rv = self.ensure_sync(before_func)()
  File "/var/www/html/docker2 15/secure-web-docker-manager.py", line 312, in before_request
    def after_request(response):
  File "/var/www/html/docker2 15/web-docker-manager-env/lib/python3.10/site-packages/flask/scaffold.py", line 49, in wrapper_func
    self._check_setup_finished(f_name)
  File "/var/www/html/docker2 15/web-docker-manager-env/lib/python3.10/site-packages/flask/app.py", line 511, in _check_setup_finished
    raise AssertionError(
AssertionError: The setup method 'after_request' can no longer be called on the application. It has already handled its first request, any changes will not be applied consistently.
Make sure all imports, decorators, functions, etc. needed to set up the application are done before running it.
2025-08-23 11:44:44,778 ERROR: Exception on / [GET] [in /var/www/html/docker2 15/web-docker-manager-env/lib/python3.10/site-packages/flask/app.py:1414]
Traceback (most recent call last):
  File "/var/www/html/docker2 15/web-docker-manager-env/lib/python3.10/site-packages/flask/app.py", line 2190, in wsgi_app
    response = self.full_dispatch_request()
  File "/var/www/html/docker2 15/web-docker-manager-env/lib/python3.10/site-packages/flask/app.py", line 1486, in full_dispatch_request
    rv = self.handle_user_exception(e)
  File "/var/www/html/docker2 15/web-docker-manager-env/lib/python3.10/site-packages/flask/app.py", line 1482, in full_dispatch_request
    rv = self.preprocess_request()
  File "/var/www/html/docker2 15/web-docker-manager-env/lib/python3.10/site-packages/flask/app.py", line 1974, in preprocess_request
    rv = self.ensure_sync(before_func)()
  File "/var/www/html/docker2 15/secure-web-docker-manager.py", line 312, in before_request
    def after_request(response):
  File "/var/www/html/docker2 15/web-docker-manager-env/lib/python3.10/site-packages/flask/scaffold.py", line 49, in wrapper_func
    self._check_setup_finished(f_name)
  File "/var/www/html/docker2 15/web-docker-manager-env/lib/python3.10/site-packages/flask/app.py", line 511, in _check_setup_finished
    raise AssertionError(
AssertionError: The setup method 'after_request' can no longer be called on the application. It has already handled its first request, any changes will not be applied consistently.
Make sure all imports, decorators, functions, etc. needed to set up the application are done before running it.
2025-08-23 11:44:44,907 ERROR: Exception on /favicon.ico [GET] [in /var/www/html/docker2 15/web-docker-manager-env/lib/python3.10/site-packages/flask/app.py:1414]
Traceback (most recent call last):
  File "/var/www/html/docker2 15/web-docker-manager-env/lib/python3.10/site-packages/flask/app.py", line 2190, in wsgi_app
    response = self.full_dispatch_request()
  File "/var/www/html/docker2 15/web-docker-manager-env/lib/python3.10/site-packages/flask/app.py", line 1486, in full_dispatch_request
    rv = self.handle_user_exception(e)
  File "/var/www/html/docker2 15/web-docker-manager-env/lib/python3.10/site-packages/flask/app.py", line 1482, in full_dispatch_request
    rv = self.preprocess_request()
  File "/var/www/html/docker2 15/web-docker-manager-env/lib/python3.10/site-packages/flask/app.py", line 1974, in preprocess_request
    rv = self.ensure_sync(before_func)()
  File "/var/www/html/docker2 15/secure-web-docker-manager.py", line 312, in before_request
    def after_request(response):
  File "/var/www/html/docker2 15/web-docker-manager-env/lib/python3.10/site-packages/flask/scaffold.py", line 49, in wrapper_func
    self._check_setup_finished(f_name)
  File "/var/www/html/docker2 15/web-docker-manager-env/lib/python3.10/site-packages/flask/app.py", line 511, in _check_setup_finished
    raise AssertionError(
AssertionError: The setup method 'after_request' can no longer be called on the application. It has already handled its first request, any changes will not be applied consistently.
Make sure all imports, decorators, functions, etc. needed to set up the application are done before running it.
2025-08-23 11:47:15,459 ERROR: Exception on / [GET] [in /var/www/html/docker2 15/web-docker-manager-env/lib/python3.10/site-packages/flask/app.py:1414]
Traceback (most recent call last):
  File "/var/www/html/docker2 15/web-docker-manager-env/lib/python3.10/site-packages/flask/app.py", line 2190, in wsgi_app
    response = self.full_dispatch_request()
  File "/var/www/html/docker2 15/web-docker-manager-env/lib/python3.10/site-packages/flask/app.py", line 1486, in full_dispatch_request
    rv = self.handle_user_exception(e)
  File "/var/www/html/docker2 15/web-docker-manager-env/lib/python3.10/site-packages/flask/app.py", line 1482, in full_dispatch_request
    rv = self.preprocess_request()
  File "/var/www/html/docker2 15/web-docker-manager-env/lib/python3.10/site-packages/flask/app.py", line 1974, in preprocess_request
    rv = self.ensure_sync(before_func)()
  File "/var/www/html/docker2 15/secure-web-docker-manager.py", line 312, in before_request
    def after_request(response):
  File "/var/www/html/docker2 15/web-docker-manager-env/lib/python3.10/site-packages/flask/scaffold.py", line 49, in wrapper_func
    self._check_setup_finished(f_name)
  File "/var/www/html/docker2 15/web-docker-manager-env/lib/python3.10/site-packages/flask/app.py", line 511, in _check_setup_finished
    raise AssertionError(
AssertionError: The setup method 'after_request' can no longer be called on the application. It has already handled its first request, any changes will not be applied consistently.
Make sure all imports, decorators, functions, etc. needed to set up the application are done before running it.
2025-08-23 11:47:15,583 ERROR: Exception on /favicon.ico [GET] [in /var/www/html/docker2 15/web-docker-manager-env/lib/python3.10/site-packages/flask/app.py:1414]
Traceback (most recent call last):
  File "/var/www/html/docker2 15/web-docker-manager-env/lib/python3.10/site-packages/flask/app.py", line 2190, in wsgi_app
    response = self.full_dispatch_request()
  File "/var/www/html/docker2 15/web-docker-manager-env/lib/python3.10/site-packages/flask/app.py", line 1486, in full_dispatch_request
    rv = self.handle_user_exception(e)
  File "/var/www/html/docker2 15/web-docker-manager-env/lib/python3.10/site-packages/flask/app.py", line 1482, in full_dispatch_request
    rv = self.preprocess_request()
  File "/var/www/html/docker2 15/web-docker-manager-env/lib/python3.10/site-packages/flask/app.py", line 1974, in preprocess_request
    rv = self.ensure_sync(before_func)()
  File "/var/www/html/docker2 15/secure-web-docker-manager.py", line 312, in before_request
    def after_request(response):
  File "/var/www/html/docker2 15/web-docker-manager-env/lib/python3.10/site-packages/flask/scaffold.py", line 49, in wrapper_func
    self._check_setup_finished(f_name)
  File "/var/www/html/docker2 15/web-docker-manager-env/lib/python3.10/site-packages/flask/app.py", line 511, in _check_setup_finished
    raise AssertionError(
AssertionError: The setup method 'after_request' can no longer be called on the application. It has already handled its first request, any changes will not be applied consistently.
Make sure all imports, decorators, functions, etc. needed to set up the application are done before running it.
2025-08-23 11:47:17,219 ERROR: Exception on / [GET] [in /var/www/html/docker2 15/web-docker-manager-env/lib/python3.10/site-packages/flask/app.py:1414]
Traceback (most recent call last):
  File "/var/www/html/docker2 15/web-docker-manager-env/lib/python3.10/site-packages/flask/app.py", line 2190, in wsgi_app
    response = self.full_dispatch_request()
  File "/var/www/html/docker2 15/web-docker-manager-env/lib/python3.10/site-packages/flask/app.py", line 1486, in full_dispatch_request
    rv = self.handle_user_exception(e)
  File "/var/www/html/docker2 15/web-docker-manager-env/lib/python3.10/site-packages/flask/app.py", line 1482, in full_dispatch_request
    rv = self.preprocess_request()
  File "/var/www/html/docker2 15/web-docker-manager-env/lib/python3.10/site-packages/flask/app.py", line 1974, in preprocess_request
    rv = self.ensure_sync(before_func)()
  File "/var/www/html/docker2 15/secure-web-docker-manager.py", line 312, in before_request
    def after_request(response):
  File "/var/www/html/docker2 15/web-docker-manager-env/lib/python3.10/site-packages/flask/scaffold.py", line 49, in wrapper_func
    self._check_setup_finished(f_name)
  File "/var/www/html/docker2 15/web-docker-manager-env/lib/python3.10/site-packages/flask/app.py", line 511, in _check_setup_finished
    raise AssertionError(
AssertionError: The setup method 'after_request' can no longer be called on the application. It has already handled its first request, any changes will not be applied consistently.
Make sure all imports, decorators, functions, etc. needed to set up the application are done before running it.
2025-08-23 11:47:17,283 ERROR: Exception on /favicon.ico [GET] [in /var/www/html/docker2 15/web-docker-manager-env/lib/python3.10/site-packages/flask/app.py:1414]
Traceback (most recent call last):
  File "/var/www/html/docker2 15/web-docker-manager-env/lib/python3.10/site-packages/flask/app.py", line 2190, in wsgi_app
    response = self.full_dispatch_request()
  File "/var/www/html/docker2 15/web-docker-manager-env/lib/python3.10/site-packages/flask/app.py", line 1486, in full_dispatch_request
    rv = self.handle_user_exception(e)
  File "/var/www/html/docker2 15/web-docker-manager-env/lib/python3.10/site-packages/flask/app.py", line 1482, in full_dispatch_request
    rv = self.preprocess_request()
  File "/var/www/html/docker2 15/web-docker-manager-env/lib/python3.10/site-packages/flask/app.py", line 1974, in preprocess_request
    rv = self.ensure_sync(before_func)()
  File "/var/www/html/docker2 15/secure-web-docker-manager.py", line 312, in before_request
    def after_request(response):
  File "/var/www/html/docker2 15/web-docker-manager-env/lib/python3.10/site-packages/flask/scaffold.py", line 49, in wrapper_func
    self._check_setup_finished(f_name)
  File "/var/www/html/docker2 15/web-docker-manager-env/lib/python3.10/site-packages/flask/app.py", line 511, in _check_setup_finished
    raise AssertionError(
AssertionError: The setup method 'after_request' can no longer be called on the application. It has already handled its first request, any changes will not be applied consistently.
Make sure all imports, decorators, functions, etc. needed to set up the application are done before running it.
2025-08-23 11:47:36,247 ERROR: Exception on / [GET] [in /var/www/html/docker2 15/web-docker-manager-env/lib/python3.10/site-packages/flask/app.py:1414]
Traceback (most recent call last):
  File "/var/www/html/docker2 15/web-docker-manager-env/lib/python3.10/site-packages/flask/app.py", line 2190, in wsgi_app
    response = self.full_dispatch_request()
  File "/var/www/html/docker2 15/web-docker-manager-env/lib/python3.10/site-packages/flask/app.py", line 1486, in full_dispatch_request
    rv = self.handle_user_exception(e)
  File "/var/www/html/docker2 15/web-docker-manager-env/lib/python3.10/site-packages/flask/app.py", line 1482, in full_dispatch_request
    rv = self.preprocess_request()
  File "/var/www/html/docker2 15/web-docker-manager-env/lib/python3.10/site-packages/flask/app.py", line 1974, in preprocess_request
    rv = self.ensure_sync(before_func)()
  File "/var/www/html/docker2 15/secure-web-docker-manager.py", line 312, in before_request
    def after_request(response):
  File "/var/www/html/docker2 15/web-docker-manager-env/lib/python3.10/site-packages/flask/scaffold.py", line 49, in wrapper_func
    self._check_setup_finished(f_name)
  File "/var/www/html/docker2 15/web-docker-manager-env/lib/python3.10/site-packages/flask/app.py", line 511, in _check_setup_finished
    raise AssertionError(
AssertionError: The setup method 'after_request' can no longer be called on the application. It has already handled its first request, any changes will not be applied consistently.
Make sure all imports, decorators, functions, etc. needed to set up the application are done before running it.
2025-08-23 11:47:36,336 ERROR: Exception on /favicon.ico [GET] [in /var/www/html/docker2 15/web-docker-manager-env/lib/python3.10/site-packages/flask/app.py:1414]
Traceback (most recent call last):
  File "/var/www/html/docker2 15/web-docker-manager-env/lib/python3.10/site-packages/flask/app.py", line 2190, in wsgi_app
    response = self.full_dispatch_request()
  File "/var/www/html/docker2 15/web-docker-manager-env/lib/python3.10/site-packages/flask/app.py", line 1486, in full_dispatch_request
    rv = self.handle_user_exception(e)
  File "/var/www/html/docker2 15/web-docker-manager-env/lib/python3.10/site-packages/flask/app.py", line 1482, in full_dispatch_request
    rv = self.preprocess_request()
  File "/var/www/html/docker2 15/web-docker-manager-env/lib/python3.10/site-packages/flask/app.py", line 1974, in preprocess_request
    rv = self.ensure_sync(before_func)()
  File "/var/www/html/docker2 15/secure-web-docker-manager.py", line 312, in before_request
    def after_request(response):
  File "/var/www/html/docker2 15/web-docker-manager-env/lib/python3.10/site-packages/flask/scaffold.py", line 49, in wrapper_func
    self._check_setup_finished(f_name)
  File "/var/www/html/docker2 15/web-docker-manager-env/lib/python3.10/site-packages/flask/app.py", line 511, in _check_setup_finished
    raise AssertionError(
AssertionError: The setup method 'after_request' can no longer be called on the application. It has already handled its first request, any changes will not be applied consistently.
Make sure all imports, decorators, functions, etc. needed to set up the application are done before running it.
2025-08-23 11:47:36,673 ERROR: Exception on / [GET] [in /var/www/html/docker2 15/web-docker-manager-env/lib/python3.10/site-packages/flask/app.py:1414]
Traceback (most recent call last):
  File "/var/www/html/docker2 15/web-docker-manager-env/lib/python3.10/site-packages/flask/app.py", line 2190, in wsgi_app
    response = self.full_dispatch_request()
  File "/var/www/html/docker2 15/web-docker-manager-env/lib/python3.10/site-packages/flask/app.py", line 1486, in full_dispatch_request
    rv = self.handle_user_exception(e)
  File "/var/www/html/docker2 15/web-docker-manager-env/lib/python3.10/site-packages/flask/app.py", line 1482, in full_dispatch_request
    rv = self.preprocess_request()
  File "/var/www/html/docker2 15/web-docker-manager-env/lib/python3.10/site-packages/flask/app.py", line 1974, in preprocess_request
    rv = self.ensure_sync(before_func)()
  File "/var/www/html/docker2 15/secure-web-docker-manager.py", line 312, in before_request
    def after_request(response):
  File "/var/www/html/docker2 15/web-docker-manager-env/lib/python3.10/site-packages/flask/scaffold.py", line 49, in wrapper_func
    self._check_setup_finished(f_name)
  File "/var/www/html/docker2 15/web-docker-manager-env/lib/python3.10/site-packages/flask/app.py", line 511, in _check_setup_finished
    raise AssertionError(
AssertionError: The setup method 'after_request' can no longer be called on the application. It has already handled its first request, any changes will not be applied consistently.
Make sure all imports, decorators, functions, etc. needed to set up the application are done before running it.
2025-08-23 11:47:36,751 ERROR: Exception on /favicon.ico [GET] [in /var/www/html/docker2 15/web-docker-manager-env/lib/python3.10/site-packages/flask/app.py:1414]
Traceback (most recent call last):
  File "/var/www/html/docker2 15/web-docker-manager-env/lib/python3.10/site-packages/flask/app.py", line 2190, in wsgi_app
    response = self.full_dispatch_request()
  File "/var/www/html/docker2 15/web-docker-manager-env/lib/python3.10/site-packages/flask/app.py", line 1486, in full_dispatch_request
    rv = self.handle_user_exception(e)
  File "/var/www/html/docker2 15/web-docker-manager-env/lib/python3.10/site-packages/flask/app.py", line 1482, in full_dispatch_request
    rv = self.preprocess_request()
  File "/var/www/html/docker2 15/web-docker-manager-env/lib/python3.10/site-packages/flask/app.py", line 1974, in preprocess_request
    rv = self.ensure_sync(before_func)()
  File "/var/www/html/docker2 15/secure-web-docker-manager.py", line 312, in before_request
    def after_request(response):
  File "/var/www/html/docker2 15/web-docker-manager-env/lib/python3.10/site-packages/flask/scaffold.py", line 49, in wrapper_func
    self._check_setup_finished(f_name)
  File "/var/www/html/docker2 15/web-docker-manager-env/lib/python3.10/site-packages/flask/app.py", line 511, in _check_setup_finished
    raise AssertionError(
AssertionError: The setup method 'after_request' can no longer be called on the application. It has already handled its first request, any changes will not be applied consistently.
Make sure all imports, decorators, functions, etc. needed to set up the application are done before running it.
2025-08-23 11:47:36,981 ERROR: Exception on / [GET] [in /var/www/html/docker2 15/web-docker-manager-env/lib/python3.10/site-packages/flask/app.py:1414]
Traceback (most recent call last):
  File "/var/www/html/docker2 15/web-docker-manager-env/lib/python3.10/site-packages/flask/app.py", line 2190, in wsgi_app
    response = self.full_dispatch_request()
  File "/var/www/html/docker2 15/web-docker-manager-env/lib/python3.10/site-packages/flask/app.py", line 1486, in full_dispatch_request
    rv = self.handle_user_exception(e)
  File "/var/www/html/docker2 15/web-docker-manager-env/lib/python3.10/site-packages/flask/app.py", line 1482, in full_dispatch_request
    rv = self.preprocess_request()
  File "/var/www/html/docker2 15/web-docker-manager-env/lib/python3.10/site-packages/flask/app.py", line 1974, in preprocess_request
    rv = self.ensure_sync(before_func)()
  File "/var/www/html/docker2 15/secure-web-docker-manager.py", line 312, in before_request
    def after_request(response):
  File "/var/www/html/docker2 15/web-docker-manager-env/lib/python3.10/site-packages/flask/scaffold.py", line 49, in wrapper_func
    self._check_setup_finished(f_name)
  File "/var/www/html/docker2 15/web-docker-manager-env/lib/python3.10/site-packages/flask/app.py", line 511, in _check_setup_finished
    raise AssertionError(
AssertionError: The setup method 'after_request' can no longer be called on the application. It has already handled its first request, any changes will not be applied consistently.
Make sure all imports, decorators, functions, etc. needed to set up the application are done before running it.
2025-08-23 11:47:37,011 ERROR: Exception on /favicon.ico [GET] [in /var/www/html/docker2 15/web-docker-manager-env/lib/python3.10/site-packages/flask/app.py:1414]
Traceback (most recent call last):
  File "/var/www/html/docker2 15/web-docker-manager-env/lib/python3.10/site-packages/flask/app.py", line 2190, in wsgi_app
    response = self.full_dispatch_request()
  File "/var/www/html/docker2 15/web-docker-manager-env/lib/python3.10/site-packages/flask/app.py", line 1486, in full_dispatch_request
    rv = self.handle_user_exception(e)
  File "/var/www/html/docker2 15/web-docker-manager-env/lib/python3.10/site-packages/flask/app.py", line 1482, in full_dispatch_request
    rv = self.preprocess_request()
  File "/var/www/html/docker2 15/web-docker-manager-env/lib/python3.10/site-packages/flask/app.py", line 1974, in preprocess_request
    rv = self.ensure_sync(before_func)()
  File "/var/www/html/docker2 15/secure-web-docker-manager.py", line 312, in before_request
    def after_request(response):
  File "/var/www/html/docker2 15/web-docker-manager-env/lib/python3.10/site-packages/flask/scaffold.py", line 49, in wrapper_func
    self._check_setup_finished(f_name)
  File "/var/www/html/docker2 15/web-docker-manager-env/lib/python3.10/site-packages/flask/app.py", line 511, in _check_setup_finished
    raise AssertionError(
AssertionError: The setup method 'after_request' can no longer be called on the application. It has already handled its first request, any changes will not be applied consistently.
Make sure all imports, decorators, functions, etc. needed to set up the application are done before running it.
2025-08-23 17:00:35,572 ERROR: Exception on /api/frappe/dmf_local-frontend/bench-command [POST] [in /var/www/html/docker2 15/web-docker-manager-env/lib/python3.10/site-packages/flask/app.py:1414]
Traceback (most recent call last):
  File "/var/www/html/docker2 15/web-docker-manager-env/lib/python3.10/site-packages/flask/app.py", line 2190, in wsgi_app
    response = self.full_dispatch_request()
  File "/var/www/html/docker2 15/web-docker-manager-env/lib/python3.10/site-packages/flask/app.py", line 1486, in full_dispatch_request
    rv = self.handle_user_exception(e)
  File "/var/www/html/docker2 15/web-docker-manager-env/lib/python3.10/site-packages/flask/app.py", line 1484, in full_dispatch_request
    rv = self.dispatch_request()
  File "/var/www/html/docker2 15/web-docker-manager-env/lib/python3.10/site-packages/flask/app.py", line 1469, in dispatch_request
    return self.ensure_sync(self.view_functions[rule.endpoint])(**view_args)
  File "/var/www/html/docker2 15/secure-web-docker-manager.py", line 167, in decorated_function
    return f(*args, **kwargs)
  File "/var/www/html/docker2 15/secure-web-docker-manager.py", line 179, in decorated_function
    return f(*args, **kwargs)
  File "/var/www/html/docker2 15/secure-web-docker-manager.py", line 450, in secure_frappe_bench_command_api
    result = SecureFrappeManager.execute_bench_command(container_name, command, timeout)
  File "/var/www/html/docker2 15/secure-web-docker-manager.py", line 287, in execute_bench_command
    allowed = any(safe_command.startswith(cmd.split()[0:3]) for cmd in allowed_commands)
  File "/var/www/html/docker2 15/secure-web-docker-manager.py", line 287, in <genexpr>
    allowed = any(safe_command.startswith(cmd.split()[0:3]) for cmd in allowed_commands)
TypeError: startswith first arg must be str or a tuple of str, not list
2025-08-23 17:00:46,855 ERROR: Exception on /api/frappe/dmf_local-frontend/bench-command [POST] [in /var/www/html/docker2 15/web-docker-manager-env/lib/python3.10/site-packages/flask/app.py:1414]
Traceback (most recent call last):
  File "/var/www/html/docker2 15/web-docker-manager-env/lib/python3.10/site-packages/flask/app.py", line 2190, in wsgi_app
    response = self.full_dispatch_request()
  File "/var/www/html/docker2 15/web-docker-manager-env/lib/python3.10/site-packages/flask/app.py", line 1486, in full_dispatch_request
    rv = self.handle_user_exception(e)
  File "/var/www/html/docker2 15/web-docker-manager-env/lib/python3.10/site-packages/flask/app.py", line 1484, in full_dispatch_request
    rv = self.dispatch_request()
  File "/var/www/html/docker2 15/web-docker-manager-env/lib/python3.10/site-packages/flask/app.py", line 1469, in dispatch_request
    return self.ensure_sync(self.view_functions[rule.endpoint])(**view_args)
  File "/var/www/html/docker2 15/secure-web-docker-manager.py", line 167, in decorated_function
    return f(*args, **kwargs)
  File "/var/www/html/docker2 15/secure-web-docker-manager.py", line 179, in decorated_function
    return f(*args, **kwargs)
  File "/var/www/html/docker2 15/secure-web-docker-manager.py", line 450, in secure_frappe_bench_command_api
    result = SecureFrappeManager.execute_bench_command(container_name, command, timeout)
  File "/var/www/html/docker2 15/secure-web-docker-manager.py", line 287, in execute_bench_command
    allowed = any(safe_command.startswith(cmd.split()[0:3]) for cmd in allowed_commands)
  File "/var/www/html/docker2 15/secure-web-docker-manager.py", line 287, in <genexpr>
    allowed = any(safe_command.startswith(cmd.split()[0:3]) for cmd in allowed_commands)
TypeError: startswith first arg must be str or a tuple of str, not list
